TOOL:	xrun	18.09-s011: Started on Nov 30, 2019 at 20:20:30 CET
xrun
	-compile
	-l xrun_compile.log
	-f alu_mtm.f
		mtm_Alu.vp
	-f alu_tb.f
		alu_pkg.sv
		alu_bfm.sv
		top.sv
		+incdir+tb_classes
		+incdir+.
	-v93
	+nowarnDSEM2009
	+nowarnDSEMEL
	+nowarnCGDEFN
	-xmlibdirname INCA_libs
	+overwrite
	-nocopyright
	-coverage all
	-covoverwrite
	-covfile xrun_covfile.txt
	-uvm
	+UVM_NO_RELNOTES
	+UVM_VERBOSITY=MEDIUM

   User defined plus("+") options:
	+UVM_NO_RELNOTES
	+UVM_VERBOSITY=MEDIUM

INCLUDE $PDK_DIR/cds/cds.lib
|
xrun: *W,DLCVAR (/home/student/pdrwal/cds.lib,1): cds.lib Invalid environment variable ''.
INCLUDE $PDK_DIR/cds/cds.lib
|
xrun: *W,DLCVAR (/home/student/pdrwal/cds.lib,1): cds.lib Invalid environment variable ''.
INCLUDE $PDK_DIR/cds/cds.lib
|
xrun: *W,DLCVAR (/home/student/pdrwal/cds.lib,1): cds.lib Invalid environment variable ''.
INCLUDE $PDK_DIR/cds/cds.lib
|
xrun: *W,DLCVAR (/home/student/pdrwal/cds.lib,1): cds.lib Invalid environment variable ''.
INCLUDE $PDK_DIR/cds/cds.lib
|
xrun: *W,DLCVAR (/home/student/pdrwal/cds.lib,1): cds.lib Invalid environment variable ''.
Compiling UVM packages (uvm_pkg.sv cdns_uvm_pkg.sv) using uvmhome location /cad/XCELIUM1809/tools/methodology/UVM/CDNS-1.1d
INCLUDE $PDK_DIR/cds/cds.lib
|
xmvlog: *W,DLCVAR (/home/student/pdrwal/cds.lib,1): cds.lib Invalid environment variable ''.
INCLUDE $PDK_DIR/cds/cds.lib
|
xmvlog: *W,DLCVAR (/home/student/pdrwal/cds.lib,1): cds.lib Invalid environment variable ''.
file: mtm_Alu.vp
	module worklib.mtm_Alu:vp
		errors: 0, warnings: 0
		errors: 0, warnings: 0
		errors: 0, warnings: 0
		errors: 0, warnings: 0
file: alu_pkg.sv
	package worklib.alu_pkg:sv
		errors: 0, warnings: 0
file: alu_bfm.sv
        op_set_test = decoder_OP(data_in_sample);
                               |
xmvlog: *W,ENUMERR (alu_bfm.sv,95|31): This assignment is a violation of SystemVerilog strong typing rules for enumeration datatypes.
	interface worklib.alu_bfm:sv
		errors: 0, warnings: 1
file: top.sv
	module worklib.top:sv
		errors: 0, warnings: 0
	Total errors/warnings found outside modules and primitives:
		errors: 0, warnings: 1
INCLUDE $PDK_DIR/cds/cds.lib
|
xrun: *W,DLCVAR (/home/student/pdrwal/cds.lib,1): cds.lib Invalid environment variable ''.
INCLUDE $PDK_DIR/cds/cds.lib
|
xrun: *W,DLCVAR (/home/student/pdrwal/cds.lib,1): cds.lib Invalid environment variable ''.
TOOL:	xrun	18.09-s011: Exiting on Nov 30, 2019 at 20:20:31 CET  (total: 00:00:01)
