TOOL:	xrun	18.09-s011: Started on Nov 30, 2019 at 20:20:31 CET
xrun
	-elaborate
	-l xrun_elaborate.log
	-f alu_mtm.f
		mtm_Alu.vp
	-f alu_tb.f
		alu_pkg.sv
		alu_bfm.sv
		top.sv
		+incdir+tb_classes
		+incdir+.
	-v93
	+nowarnDSEM2009
	+nowarnDSEMEL
	+nowarnCGDEFN
	-xmlibdirname INCA_libs
	+overwrite
	-nocopyright
	-coverage all
	-covoverwrite
	-covfile xrun_covfile.txt
	-uvm
	+UVM_NO_RELNOTES
	+UVM_VERBOSITY=MEDIUM

   User defined plus("+") options:
	+UVM_NO_RELNOTES
	+UVM_VERBOSITY=MEDIUM

INCLUDE $PDK_DIR/cds/cds.lib
|
xrun: *W,DLCVAR (/home/student/pdrwal/cds.lib,1): cds.lib Invalid environment variable ''.
INCLUDE $PDK_DIR/cds/cds.lib
|
xrun: *W,DLCVAR (/home/student/pdrwal/cds.lib,1): cds.lib Invalid environment variable ''.
INCLUDE $PDK_DIR/cds/cds.lib
|
xrun: *W,DLCVAR (/home/student/pdrwal/cds.lib,1): cds.lib Invalid environment variable ''.
INCLUDE $PDK_DIR/cds/cds.lib
|
xrun: *W,DLCVAR (/home/student/pdrwal/cds.lib,1): cds.lib Invalid environment variable ''.
INCLUDE $PDK_DIR/cds/cds.lib
|
xrun: *W,DLCVAR (/home/student/pdrwal/cds.lib,1): cds.lib Invalid environment variable ''.
INCLUDE $PDK_DIR/cds/cds.lib
|
xrun: *W,DLCVAR (/home/student/pdrwal/cds.lib,1): cds.lib Invalid environment variable ''.
INCLUDE $PDK_DIR/cds/cds.lib
|
xrun: *W,DLCVAR (/home/student/pdrwal/cds.lib,1): cds.lib Invalid environment variable ''.
INCLUDE $PDK_DIR/cds/cds.lib
|
xrun: *W,DLCVAR (/home/student/pdrwal/cds.lib,1): cds.lib Invalid environment variable ''.
INCLUDE $PDK_DIR/cds/cds.lib
|
xrun: *W,DLCVAR (/home/student/pdrwal/cds.lib,1): cds.lib Invalid environment variable ''.
INCLUDE $PDK_DIR/cds/cds.lib
|
xrun: *W,DLCVAR (/home/student/pdrwal/cds.lib,1): cds.lib Invalid environment variable ''.
INCLUDE $PDK_DIR/cds/cds.lib
|
xrun: *W,DLCVAR (/home/student/pdrwal/cds.lib,1): cds.lib Invalid environment variable ''.
INCLUDE $PDK_DIR/cds/cds.lib
|
xmelab: *W,DLCVAR (/home/student/pdrwal/cds.lib,1): cds.lib Invalid environment variable ''.
		Caching library 'worklib' ....... Done
	Elaborating the design hierarchy:
	Top level design units:
		uvm_pkg
		cdns_uvmapi
		cdns_assert2uvm_pkg
		cdns_uvm_pkg
		alu_pkg
		top
    obj = new(name, parent);
      |
xmelab: *W,CNIABE (/cad/XCELIUM1809/tools/methodology/UVM/CDNS-1.1d/sv/src/base/uvm_registry.svh,66|6): Abstract (virtual) class 'base_tester' cannot be instantiated, detected while elaborating:
	'class uvm_pkg::uvm_component_registry#(.T(class alu_pkg::base_tester),.Tname("base_tester"))' from './tb_classes/base_tester.svh' line 2.
This is a warning for backward compatibility; it will be upgraded to an error in future releases.

	Extracting FSMs for coverage:
		worklib.mtm_Alu
		worklib.top
	Total FSMs extracted = 0
	Building instance overlay tables: ............
        op_set_test = decoder_OP(data_in_sample);
                               |
xmelab: *W,ENUMERR (./alu_bfm.sv,95|31): This assignment is a violation of SystemVerilog strong typing rules for enumeration datatypes.
........ Done
	Enabling instrumentation for coverage types: block expression FSM toggle functional
	Generating native compiled code:
INCLUDE $PDK_DIR/cds/cds.lib
|
xmvlog_cg: *W,DLCVAR (/home/student/pdrwal/cds.lib,1): cds.lib Invalid environment variable ''.
			streams:   7, words:  3972
			streams:   9, words: 25661
			streams:   7, words:  3321
		worklib.uvm_pkg:sv <0x2e13fb31>
			streams:   8, words:  6270
		worklib.uvm_pkg:sv <0x1a1d6207>
			streams:   8, words:  6025
		worklib.uvm_pkg:sv <0x4206fb68>
			streams:   7, words:  5546
		worklib.uvm_pkg:sv <0x4774af5e>
			streams:   7, words:  1445
		worklib.uvm_pkg:sv <0x41b2cc74>
			streams:   9, words:  2610
		worklib.uvm_pkg:sv <0x7ff7acdf>
			streams:  22, words: 49127
		worklib.uvm_pkg:sv <0x0002a453>
			streams:   7, words:  1445
		worklib.uvm_pkg:sv <0x0f513c77>
			streams:   7, words:  2504
		worklib.uvm_pkg:sv <0x3b72b205>
			streams:   7, words:  2504
		worklib.uvm_pkg:sv <0x4650432d>
			streams:   9, words:  4061
		worklib.uvm_pkg:sv <0x5d446fe9>
			streams:  28, words: 24555
		worklib.uvm_pkg:sv <0x0e809091>
			streams:  27, words: 23124
		worklib.uvm_pkg:sv <0x25dc6a2a>
			streams:  23, words: 22011
		worklib.uvm_pkg:sv <0x048bb774>
			streams:  17, words: 11502
		worklib.uvm_pkg:sv <0x08573dae>
			streams:  26, words: 30797
		worklib.uvm_pkg:sv <0x4e235ac1>
			streams:   7, words:  1884
		worklib.uvm_pkg:sv <0x704dbd83>
			streams:  16, words: 15928
		worklib.uvm_pkg:sv <0x5371b70c>
			streams:  26, words: 27557
		worklib.uvm_pkg:sv <0x05011971>
			streams:  25, words: 48862
		worklib.uvm_pkg:sv <0x31871471>
			streams:  27, words: 30379
		worklib.uvm_pkg:sv <0x31e5adfa>
			streams:  26, words: 43459
		worklib.uvm_pkg:sv <0x30287bac>
			streams:  27, words: 32793
		worklib.uvm_pkg:sv <0x29692d03>
			streams:  25, words: 46565
		worklib.uvm_pkg:sv <0x07762909>
			streams:  27, words: 34489
		worklib.uvm_pkg:sv <0x1ef5b068>
			streams:  25, words: 52173
		worklib.uvm_pkg:sv <0x6d84a0ee>
			streams:  27, words: 38645
		worklib.uvm_pkg:sv <0x70b7dc96>
			streams:  25, words: 47042
		worklib.uvm_pkg:sv <0x7b08872c>
			streams:  25, words: 49331
		worklib.uvm_pkg:sv <0x2c9e747f>
			streams:  27, words: 32008
		worklib.uvm_pkg:sv <0x1251ea0c>
			streams:  25, words: 45489
		worklib.uvm_pkg:sv <0x06141164>
			streams:  29, words: 84388
		worklib.uvm_pkg:sv <0x3ca8d828>
			streams:  71, words: 111989
		worklib.cdns_uvm_pkg:sv <0x0fff861a>
			streams:  28, words: 32373
		worklib.cdns_uvm_pkg:sv <0x66168273>
			streams:   9, words:  3996
		worklib.cdns_uvm_pkg:sv <0x5a8e7dab>
			streams:  10, words:  7570
		worklib.uvm_pkg:sv <0x17d5b331>
			streams:  23, words: 16611
		worklib.alu_pkg:sv <0x5dd57ba3>
			streams:  24, words: 17262
		worklib.uvm_pkg:sv <0x7e071179>
			streams:   7, words:  2504
		worklib.uvm_pkg:sv <0x2277bf97>
			streams:  24, words: 22225
		worklib.uvm_pkg:sv <0x7aff21fc>
			streams:  33, words: 26419
		worklib.uvm_pkg:sv <0x13d6da07>
			streams:  40, words: 26488
		worklib.uvm_pkg:sv <0x011f67e8>
			streams: 122, words: 95130
		worklib.uvm_pkg:sv <0x2d32d0bc>
			streams:  23, words: 15477
		worklib.alu_pkg:sv <0x24997c00>
			streams:  24, words: 16316
		worklib.alu_pkg:sv <0x25275455>
			streams:  36, words: 58981
		worklib.alu_bfm:sv <0x488ee5dc>
			streams: 295, words: 371896
		worklib.alu_pkg:sv <0x77ade708>
			streams:   0, words:     0
		worklib.cdns_uvm_pkg:sv <0x4cbfb356>
			streams: 136, words: 231797
		worklib.cdns_uvmapi:svp <0x18676fde>
			streams:  27, words: 29404
		worklib.cdns_assert2uvm_pkg:sv <0x2853c01c>
			streams:   3, words:  2016
		worklib.uvm_pkg:sv <0x4575010f>
			streams: 4718, words: 7356840
        bit queue_in [$:98];
                   |
xmelab: *W,COVUTA (./alu_bfm.sv,17|19): Toggle coverage is not supported for SystemVerilog integer, real, string, dynamic array, sparse memory, array of enum and reference ports. It is also not supported for VHDL multi-dimensional array and array of record. There may also be other such objects in the design.
	Building instance specific data structures.
	Performing constant object marking (COM) analysis.
	Loading native compiled code:     .................... Done
	Design hierarchy summary:
		                       Instances  Unique
		Modules:                       5       5
		Interfaces:                    1       1
		Verilog packages:              5       5
		Registers:                 13941   10314
		Scalar wires:                  8       -
		Vectored wires:                2       -
		Named events:                  4      12
		Always blocks:                17      17
		Initial blocks:              291     161
		Parallel blocks:              26      27
		Pseudo assignments:            4       4
		Assertions:                    2       2
		Covergroup Instances:          0       2
		SV Class declarations:       204     314
		SV Class specializations:    383     383
		Simulation timescale:        1ps
	Writing initial simulation snapshot: worklib.top:sv
TOOL:	xrun	18.09-s011: Exiting on Nov 30, 2019 at 20:20:35 CET  (total: 00:00:04)
